Deleting log folder with same name afhq256_4000
Creating log folder afhq256_4000 with path logs/training/afhq256_4000
we are running from this directory: /cluster/work/williad/diffusion-project
 the name of the job is: afhq256
Th job ID is 16419602
The job was run on these nodes: idun-04-01
Number of nodes: 1
We are using 1 cores
We are using 1 cores per node
Total of 1 cores
Starting script

Denoiser initialized
Denoiser initialized
Denoiser initialized
Epoch 0 loss: 0.06339550570919888
Denoiser initialized
Denoiser initialized
Epoch 1 loss: 0.022578558337674415
Denoiser initialized
Denoiser initialized
Epoch 2 loss: 0.016924125775584085
Denoiser initialized
Denoiser initialized
Epoch 3 loss: 0.014349365493142377
Denoiser initialized
Denoiser initialized
Epoch 4 loss: 0.013655074642245668
Denoiser initialized
Denoiser initialized
Epoch 5 loss: 0.013188409328629604
Denoiser initialized
Denoiser initialized
Epoch 6 loss: 0.011923484537220672
Denoiser initialized
Denoiser initialized
Epoch 7 loss: 0.011309119353783424
Denoiser initialized
Denoiser initialized
Epoch 8 loss: 0.011977792310697368
Denoiser initialized
Denoiser initialized
Epoch 9 loss: 0.010608780055308699
Denoiser initialized
Denoiser initialized
Epoch 10 loss: 0.011073775269064362
Epoch 11 loss: 0.010135933682467877
Epoch 12 loss: 0.010090433933891677
Epoch 13 loss: 0.010933892686084759
Epoch 14 loss: 0.010095358664230827
Epoch 15 loss: 0.009705631765149297
Epoch 16 loss: 0.009705423407336905
Epoch 17 loss: 0.009271798278915819
Epoch 18 loss: 0.009354845050758589
Epoch 19 loss: 0.009572040289986558
Denoiser initialized
Denoiser initialized
Epoch 20 loss: 0.009149080830486815
Epoch 21 loss: 0.009504210107055945
Epoch 22 loss: 0.008802815183806321
Epoch 23 loss: 0.008929490560007617
Epoch 24 loss: 0.008934378783788294
Epoch 25 loss: 0.009166311404091602
Epoch 26 loss: 0.0094164365180745
Epoch 27 loss: 0.008797282459594151
Epoch 28 loss: 0.009046458652992044
Epoch 29 loss: 0.009053462782675794
Epoch 30 loss: 0.008535302373060515
Epoch 31 loss: 0.008499241254785203
Epoch 32 loss: 0.009014865534808241
Epoch 33 loss: 0.008873296919322874
Epoch 34 loss: 0.008705104233598293
Epoch 35 loss: 0.008871692416208082
Epoch 36 loss: 0.008184084450693135
Epoch 37 loss: 0.008379583876819753
Epoch 38 loss: 0.008407850720124375
Epoch 39 loss: 0.0086102807518278
Denoiser initialized
Denoiser initialized
Epoch 40 loss: 0.008511757602292364
Epoch 41 loss: 0.008434403696253423
Epoch 42 loss: 0.008562755234190148
Epoch 43 loss: 0.008019322855014431
Epoch 44 loss: 0.008426040465309172
Epoch 45 loss: 0.008749151829405959
Epoch 46 loss: 0.008674533065312474
Epoch 47 loss: 0.008672108950969792
Epoch 48 loss: 0.00797740066089073
Epoch 49 loss: 0.007942014762659154
Epoch 50 loss: 0.008369999806644955
Epoch 51 loss: 0.008598452347093765
Epoch 52 loss: 0.008160552605631234
Epoch 53 loss: 0.00881724333927904
Epoch 54 loss: 0.008412697105172942
Epoch 55 loss: 0.008183734659989903
Epoch 56 loss: 0.008308358685901168
Epoch 57 loss: 0.008758099347047694
Epoch 58 loss: 0.008109587610419909
Epoch 59 loss: 0.008530930462366014
Denoiser initialized
Denoiser initialized
Epoch 60 loss: 0.008559151079629828
Epoch 61 loss: 0.007997668552938658
Epoch 62 loss: 0.008708788581059291
Epoch 63 loss: 0.008359289478393338
Epoch 64 loss: 0.008620239778274598
Epoch 65 loss: 0.008054660925758994
Epoch 66 loss: 0.008156985268887498
Epoch 67 loss: 0.008171727672190779
Epoch 68 loss: 0.008244999101206294
Epoch 69 loss: 0.008258079561596179
Epoch 70 loss: 0.008008347687926892
Epoch 71 loss: 0.008317381554095483
Epoch 72 loss: 0.008448639571162462
Epoch 73 loss: 0.008233887156687018
Epoch 74 loss: 0.008489447573732448
Epoch 75 loss: 0.008206624889259878
Epoch 76 loss: 0.008499002417791668
Epoch 77 loss: 0.008439144101982075
Epoch 78 loss: 0.008190647747599067
Epoch 79 loss: 0.008182317584425539
Denoiser initialized
Denoiser initialized
Epoch 80 loss: 0.008489708106852796
Epoch 81 loss: 0.00841485194229508
Epoch 82 loss: 0.007986979790639831
Epoch 83 loss: 0.007946368712295336
Epoch 84 loss: 0.008231114446599963
Epoch 85 loss: 0.008073731576800032
Epoch 86 loss: 0.007897245130671637
Epoch 87 loss: 0.00796708928464435
Epoch 88 loss: 0.00803622315864685
Epoch 89 loss: 0.008031383849838432
Epoch 90 loss: 0.007947401906410625
Epoch 91 loss: 0.008362169249552765
Epoch 92 loss: 0.007908178008249403
Epoch 93 loss: 0.008233146645747494
Epoch 94 loss: 0.008221994531625301
Epoch 95 loss: 0.008082000758990182
Epoch 96 loss: 0.007741472339230484
Epoch 97 loss: 0.00796826653738782
Epoch 98 loss: 0.008068069787656776
Epoch 99 loss: 0.00825365869240347
Denoiser initialized
Denoiser initialized
Epoch 100 loss: 0.008121378777004784
Epoch 101 loss: 0.00792760030738196
Epoch 102 loss: 0.008063312065668198
Epoch 103 loss: 0.008160985843693824
Epoch 104 loss: 0.007986001873953973
Epoch 105 loss: 0.008083316673771814
Epoch 106 loss: 0.007881987602318424
Epoch 107 loss: 0.008024851328863108
Epoch 108 loss: 0.007765631632208402
Epoch 109 loss: 0.008067366889783743
Epoch 110 loss: 0.008135578925772113
Epoch 111 loss: 0.008086450281927945
Epoch 112 loss: 0.007870057878187224
Epoch 113 loss: 0.007767435718042261
Epoch 114 loss: 0.007707257597063178
Epoch 115 loss: 0.007850467085132384
Epoch 116 loss: 0.007884622117618643
Epoch 117 loss: 0.00785041363198888
Epoch 118 loss: 0.007608937403493251
Epoch 119 loss: 0.00858747636617342
Denoiser initialized
Denoiser initialized
Epoch 120 loss: 0.008401232712588996
Epoch 121 loss: 0.00792605255559
Epoch 122 loss: 0.00825213683369672
Epoch 123 loss: 0.00863191012962402
Epoch 124 loss: 0.008041571838059208
Epoch 125 loss: 0.007710565750005335
Epoch 126 loss: 0.007909009709364223
Epoch 127 loss: 0.007818628345171441
Epoch 128 loss: 0.007915545566881706
Epoch 129 loss: 0.00778794875039219
Epoch 130 loss: 0.007915458733930573
Epoch 131 loss: 0.007940047711376075
Epoch 132 loss: 0.00815611461577134
Epoch 133 loss: 0.007863818586776743
Epoch 134 loss: 0.008176622459707284
Epoch 135 loss: 0.007394942861084461
Epoch 136 loss: 0.008476994533142665
Epoch 137 loss: 0.00783139615094915
Epoch 138 loss: 0.007955286533638872
Epoch 139 loss: 0.007739952218864663
Denoiser initialized
Denoiser initialized
Epoch 140 loss: 0.008159288047500554
Epoch 141 loss: 0.00786034523848103
Epoch 142 loss: 0.007772211666542626
Epoch 143 loss: 0.008041948111892476
Epoch 144 loss: 0.00827628979322395
Epoch 145 loss: 0.007996109995448258
Epoch 146 loss: 0.007748121744044502
Epoch 147 loss: 0.008104890568965973
Epoch 148 loss: 0.008094110970843246
Epoch 149 loss: 0.007790153963266682
Epoch 150 loss: 0.007927361250761227
Epoch 151 loss: 0.007816577171408112
Epoch 152 loss: 0.007704472866820124
Epoch 153 loss: 0.008406542967755727
Epoch 154 loss: 0.008143685169028103
Epoch 155 loss: 0.007720588174185575
Epoch 156 loss: 0.008007547504183669
Epoch 157 loss: 0.008311790590811031
Epoch 158 loss: 0.008142764284993694
Epoch 159 loss: 0.008046783162841504
Denoiser initialized
Denoiser initialized
Epoch 160 loss: 0.007905215505291122
Epoch 161 loss: 0.008296341951780148
Epoch 162 loss: 0.008239752130588236
Epoch 163 loss: 0.007634269160044491
Epoch 164 loss: 0.008010240982962841
Epoch 165 loss: 0.007818488311402543
Epoch 166 loss: 0.00820070402860564
Epoch 167 loss: 0.008041976708093288
Epoch 168 loss: 0.008042425174511623
Epoch 169 loss: 0.00818720656941993
Epoch 170 loss: 0.007584602155224711
Epoch 171 loss: 0.008068492876378645
Epoch 172 loss: 0.008063623994480167
Epoch 173 loss: 0.008307621550991554
Epoch 174 loss: 0.007724761011304977
Epoch 175 loss: 0.007584628309775674
Epoch 176 loss: 0.007994905189853943
Epoch 177 loss: 0.007767154016918574
Epoch 178 loss: 0.008155969056078488
Epoch 179 loss: 0.007770962584373792
Denoiser initialized
Denoiser initialized
Epoch 180 loss: 0.007550383061883319
Epoch 181 loss: 0.008269187728404369
Epoch 182 loss: 0.008101301259104262
Epoch 183 loss: 0.007795423690044301
Epoch 184 loss: 0.00827344882061454
Epoch 185 loss: 0.008084850875282542
Epoch 186 loss: 0.008198904337479024
Epoch 187 loss: 0.0074446738658331445
Epoch 188 loss: 0.008133656017709458
Epoch 189 loss: 0.007912046559254442
Epoch 190 loss: 0.008008510655669227
Epoch 191 loss: 0.008183852476636649
Epoch 192 loss: 0.007473742235933347
Epoch 193 loss: 0.007673120611309818
Epoch 194 loss: 0.007877907124697865
Epoch 195 loss: 0.008353263980743226
Epoch 196 loss: 0.007960594830740127
Epoch 197 loss: 0.008050102765981235
Epoch 198 loss: 0.008060895709479373
Epoch 199 loss: 0.007466550255795853
Denoiser initialized
Denoiser initialized
Epoch 200 loss: 0.008192673482984877
Epoch 201 loss: 0.008041454616180534
Epoch 202 loss: 0.007811056172895595
Epoch 203 loss: 0.008194839290707932
Epoch 204 loss: 0.007884849422897201
Epoch 205 loss: 0.007611846454122877
Epoch 206 loss: 0.007796802647681574
Epoch 207 loss: 0.007853057800206158
Epoch 208 loss: 0.0078079083152253655
Epoch 209 loss: 0.007743224858283157
Epoch 210 loss: 0.0077339234775364
Epoch 211 loss: 0.007995773619901848
Epoch 212 loss: 0.00803656607632476
Epoch 213 loss: 0.008087780485075056
Epoch 214 loss: 0.007533515722550151
Epoch 215 loss: 0.00768834903695029
Epoch 216 loss: 0.0076098072291332815
Epoch 217 loss: 0.0075176155908794505
Epoch 218 loss: 0.008198047442203588
Epoch 219 loss: 0.007860658339327902
Denoiser initialized
Denoiser initialized
Epoch 220 loss: 0.0074849024945418344
Epoch 221 loss: 0.007704039556416198
Epoch 222 loss: 0.007737183417906621
Epoch 223 loss: 0.007848275145565988
Epoch 224 loss: 0.007537356283562794
Epoch 225 loss: 0.007661938453662556
Epoch 226 loss: 0.008055288391940621
Epoch 227 loss: 0.008026944198038769
Epoch 228 loss: 0.007743566038434987
Epoch 229 loss: 0.008178442916128488
Epoch 230 loss: 0.00817476792668112
Epoch 231 loss: 0.007936549360402183
Epoch 232 loss: 0.0075640810095727075
Epoch 233 loss: 0.008147273135375948
Epoch 234 loss: 0.007514396107577373
Epoch 235 loss: 0.0075306046353086
Epoch 236 loss: 0.0077932776212154605
Epoch 237 loss: 0.0077808048236317085
Epoch 238 loss: 0.007783555973852107
Epoch 239 loss: 0.00770875779489077
Denoiser initialized
Denoiser initialized
Epoch 240 loss: 0.008035210517164836
Epoch 241 loss: 0.007387098691512058
Epoch 242 loss: 0.008152641065948185
Epoch 243 loss: 0.007819410484965232
Epoch 244 loss: 0.007867926055495904
Epoch 245 loss: 0.007547008409270127
Epoch 246 loss: 0.007934623950931642
Epoch 247 loss: 0.007645770046964165
Epoch 248 loss: 0.008181338525115078
Epoch 249 loss: 0.007704969975023388
Epoch 250 loss: 0.00718017105771072
Epoch 251 loss: 0.007301393795098068
Epoch 252 loss: 0.007837696871311963
Epoch 253 loss: 0.008148704754454658
Epoch 254 loss: 0.007705407152209388
Epoch 255 loss: 0.007801045878609235
Epoch 256 loss: 0.007990014591991033
Epoch 257 loss: 0.007626753496677336
Epoch 258 loss: 0.0075974163865659946
Epoch 259 loss: 0.007659602326642425
Denoiser initialized
Denoiser initialized
Epoch 260 loss: 0.007812474631959142
Epoch 261 loss: 0.007953056622940893
Epoch 262 loss: 0.00783030192185408
Epoch 263 loss: 0.007949679114142969
Epoch 264 loss: 0.007595618975720169
Epoch 265 loss: 0.007875073926982787
Epoch 266 loss: 0.00784854015034278
Epoch 267 loss: 0.007613684299462627
Epoch 268 loss: 0.007912763857898927
Epoch 269 loss: 0.008035543004559201
Epoch 270 loss: 0.00772022421992586
Epoch 271 loss: 0.007294539545771271
Epoch 272 loss: 0.008079487016225137
Epoch 273 loss: 0.007977638579642551
Epoch 274 loss: 0.008357224540400289
Epoch 275 loss: 0.008168755780881947
Epoch 276 loss: 0.007813810683094089
Epoch 277 loss: 0.008176542599041686
Epoch 278 loss: 0.007630902341171468
Epoch 279 loss: 0.007965370066005555
Denoiser initialized
Denoiser initialized
Epoch 280 loss: 0.007803624685370521
Epoch 281 loss: 0.007615584125555694
Epoch 282 loss: 0.007640322252877963
Epoch 283 loss: 0.007399134368213752
Epoch 284 loss: 0.007908314528477118
Epoch 285 loss: 0.007832879851923769
Epoch 286 loss: 0.007481777984368577
Epoch 287 loss: 0.00792735842899848
Epoch 288 loss: 0.007735266943665372
Epoch 289 loss: 0.007902358712359395
Epoch 290 loss: 0.007358204022020944
Epoch 291 loss: 0.007474650690540945
Epoch 292 loss: 0.008274107110813717
Epoch 293 loss: 0.007986438829926345
Epoch 294 loss: 0.007806045112627091
Epoch 295 loss: 0.007787101756865795
Epoch 296 loss: 0.007750525070276809
Epoch 297 loss: 0.0076256522497084225
Epoch 298 loss: 0.007882997284576894
Epoch 299 loss: 0.007966069832584778
Denoiser initialized
Denoiser initialized
Epoch 300 loss: 0.007777052987459793
Epoch 301 loss: 0.007812480931856778
Epoch 302 loss: 0.00783952547257641
Epoch 303 loss: 0.007867860474528093
Epoch 304 loss: 0.007572797072375773
Epoch 305 loss: 0.007818067657534098
Epoch 306 loss: 0.007456513369063421
Epoch 307 loss: 0.008023320262403152
Epoch 308 loss: 0.007870164321473826
Epoch 309 loss: 0.007847244876299128
Epoch 310 loss: 0.007908775280057836
Epoch 311 loss: 0.00808833773495583
Epoch 312 loss: 0.007667585822333752
Epoch 313 loss: 0.00767085646726011
Epoch 314 loss: 0.00782787944175169
Epoch 315 loss: 0.00785631055375826
Epoch 316 loss: 0.007561580464875577
Epoch 317 loss: 0.008032192290235957
Epoch 318 loss: 0.007742554031226827
Epoch 319 loss: 0.00751698144399683
Denoiser initialized
Denoiser initialized
Epoch 320 loss: 0.007978332763485498
Epoch 321 loss: 0.007842283491246714
Epoch 322 loss: 0.007637868237138363
Epoch 323 loss: 0.007965288815736613
Epoch 324 loss: 0.007786875492287142
Epoch 325 loss: 0.007598958268124004
Epoch 326 loss: 0.008168244883141756
Epoch 327 loss: 0.007828626989539157
Epoch 328 loss: 0.0073327056328765525
Epoch 329 loss: 0.007456910405216716
Epoch 330 loss: 0.00749599397448567
Epoch 331 loss: 0.007719662612006073
Epoch 332 loss: 0.007701264598209672
Epoch 333 loss: 0.007734681615683888
Epoch 334 loss: 0.007691003171917087
Epoch 335 loss: 0.008018268758781939
Epoch 336 loss: 0.007471650360266623
Epoch 337 loss: 0.008129285386224212
Epoch 338 loss: 0.007964440624377754
Epoch 339 loss: 0.007970353182363929
Denoiser initialized
Denoiser initialized
Epoch 340 loss: 0.007535369034138452
Epoch 341 loss: 0.007774128602443026
Epoch 342 loss: 0.007930167838442463
Epoch 343 loss: 0.007880776401838811
Epoch 344 loss: 0.007879972724759791
Epoch 345 loss: 0.007852384302163094
Epoch 346 loss: 0.007914002912983319
Epoch 347 loss: 0.007692954682771461
Epoch 348 loss: 0.00765312499007388
Epoch 349 loss: 0.007351604188010498
Epoch 350 loss: 0.007609312092710925
Epoch 351 loss: 0.008169135851164236
Epoch 352 loss: 0.007581364497990274
Epoch 353 loss: 0.007870264513486958
Epoch 354 loss: 0.007973571332856956
Epoch 355 loss: 0.007850803787145028
Epoch 356 loss: 0.007667107650935103
Epoch 357 loss: 0.007909452408659527
Epoch 358 loss: 0.00799275365709101
Epoch 359 loss: 0.008327774662731333
Denoiser initialized
Denoiser initialized
Epoch 360 loss: 0.007386709308566487
Epoch 361 loss: 0.007899171208931762
Epoch 362 loss: 0.007534925410659521
Epoch 363 loss: 0.007281608715485777
Epoch 364 loss: 0.007769585309274675
Epoch 365 loss: 0.008036047547352541
Epoch 366 loss: 0.007574988870865028
Epoch 367 loss: 0.007663177200250673
Epoch 368 loss: 0.007724572853537569
Epoch 369 loss: 0.007694749798467295
Epoch 370 loss: 0.007633448365121414
Epoch 371 loss: 0.007722968293596034
Epoch 372 loss: 0.007704169033397961
Epoch 373 loss: 0.007412937208668031
Epoch 374 loss: 0.007759431091672032
Epoch 375 loss: 0.007676521765852275
Epoch 376 loss: 0.0077813469425853455
Epoch 377 loss: 0.007913914385599389
Epoch 378 loss: 0.007207397905220942
Epoch 379 loss: 0.007667383439964647
Denoiser initialized
Denoiser initialized
Epoch 380 loss: 0.007640838641572083
Epoch 381 loss: 0.007873983293862113
Epoch 382 loss: 0.008135494414320177
Epoch 383 loss: 0.007736386425575801
Epoch 384 loss: 0.007742586089308802
Epoch 385 loss: 0.007599018351705625
Epoch 386 loss: 0.007619493953991295
Epoch 387 loss: 0.007541195584089695
Epoch 388 loss: 0.007985766563827656
Epoch 389 loss: 0.007668234840507561
Epoch 390 loss: 0.007859633685344428
Epoch 391 loss: 0.007834807967873872
Epoch 392 loss: 0.008030822575192116
Epoch 393 loss: 0.007788547395698069
Epoch 394 loss: 0.007407994640363326
Epoch 395 loss: 0.007610835183989414
Epoch 396 loss: 0.007487097091271365
Epoch 397 loss: 0.00770383027599219
Epoch 398 loss: 0.007667077229748893
Epoch 399 loss: 0.007872476123226184
Denoiser initialized
Denoiser initialized
Epoch 400 loss: 0.007931590033872494
Epoch 401 loss: 0.008105609559348123
Epoch 402 loss: 0.007641281758603982
Epoch 403 loss: 0.007653123024029369
Epoch 404 loss: 0.007827134683241154
Epoch 405 loss: 0.007416331453827012
Epoch 406 loss: 0.007714768147602658
Epoch 407 loss: 0.007922860697227713
Epoch 408 loss: 0.00796860208965494
Epoch 409 loss: 0.00733861634586484
Epoch 410 loss: 0.007412538482177821
Epoch 411 loss: 0.007791878658585114
Epoch 412 loss: 0.00768823521147637
Epoch 413 loss: 0.007824601565358143
Epoch 414 loss: 0.0075790429228439074
Epoch 415 loss: 0.007759383374063517
Epoch 416 loss: 0.007826593279162972
Epoch 417 loss: 0.007635811616331041
Epoch 418 loss: 0.007780726033002402
Epoch 419 loss: 0.007747634351584641
Denoiser initialized
Denoiser initialized
Epoch 420 loss: 0.007742076044031052
Epoch 421 loss: 0.007876752138959041
Epoch 422 loss: 0.007860127040639042
Epoch 423 loss: 0.007710020891700528
Epoch 424 loss: 0.007885320158296011
Epoch 425 loss: 0.007634244409043057
Epoch 426 loss: 0.007771965494013714
Epoch 427 loss: 0.007740719971364471
Epoch 428 loss: 0.007428206286176168
Epoch 429 loss: 0.007274190264926371
Epoch 430 loss: 0.007792028254087243
Epoch 431 loss: 0.007375755089166433
Epoch 432 loss: 0.008082267207312638
Epoch 433 loss: 0.0074708984003391795
Epoch 434 loss: 0.00787586522250921
Epoch 435 loss: 0.0074836518012675836
Epoch 436 loss: 0.00800270014350238
Epoch 437 loss: 0.007699707879087494
Epoch 438 loss: 0.007551990344723995
Epoch 439 loss: 0.007951044457309778
Denoiser initialized
Denoiser initialized
Epoch 440 loss: 0.007470411451590144
Epoch 441 loss: 0.0076697322335129835
Epoch 442 loss: 0.007345481449364612
Epoch 443 loss: 0.0077895823649811605
Epoch 444 loss: 0.007835552902249496
Epoch 445 loss: 0.007732894128270755
Epoch 446 loss: 0.007725395101752055
Epoch 447 loss: 0.007793456531893342
Epoch 448 loss: 0.007765845602639693
Epoch 449 loss: 0.0072599912886121875
Epoch 450 loss: 0.008224326809076154
Epoch 451 loss: 0.00779944655536693
Epoch 452 loss: 0.0077686949442625055
Epoch 453 loss: 0.007639561638135841
Epoch 454 loss: 0.007329241065680975
Epoch 455 loss: 0.007396213256408024
Epoch 456 loss: 0.007601794430025635
Epoch 457 loss: 0.00761618476131191
Epoch 458 loss: 0.007570758170156744
Epoch 459 loss: 0.0075549232687692845
Denoiser initialized
Denoiser initialized
Epoch 460 loss: 0.007856428363539177
Epoch 461 loss: 0.007675018212124441
Epoch 462 loss: 0.0077081514974119535
Epoch 463 loss: 0.007915778058245077
Epoch 464 loss: 0.007812053875740545
Epoch 465 loss: 0.007780406421585028
Epoch 466 loss: 0.007730388759725498
Epoch 467 loss: 0.0072553400211738854
Epoch 468 loss: 0.007495861453882142
Epoch 469 loss: 0.007595874617002929
Epoch 470 loss: 0.007537255342540664
Epoch 471 loss: 0.00775714555467183
Epoch 472 loss: 0.00737207834410044
Epoch 473 loss: 0.007731315732085099
Epoch 474 loss: 0.007750057378643985
Epoch 475 loss: 0.007542905889759733
Epoch 476 loss: 0.008238862484770945
Epoch 477 loss: 0.007434472185489624
Epoch 478 loss: 0.008075559590035142
Epoch 479 loss: 0.007893632185525034
Denoiser initialized
Denoiser initialized
Epoch 480 loss: 0.007791943460841579
Epoch 481 loss: 0.00810320436989919
Epoch 482 loss: 0.008036311967528855
Epoch 483 loss: 0.0075535976136401175
Epoch 484 loss: 0.007856415379188093
Epoch 485 loss: 0.007504655864312174
Epoch 486 loss: 0.0076904209518944295
Epoch 487 loss: 0.007494950652947674
Epoch 488 loss: 0.0076455613535996066
Epoch 489 loss: 0.007430089680647494
Epoch 490 loss: 0.007302838066641617
Epoch 491 loss: 0.007446376252903283
Epoch 492 loss: 0.007737866593000353
Epoch 493 loss: 0.007896084894348692
Epoch 494 loss: 0.0076956072057476855
Epoch 495 loss: 0.00772462670715079
Epoch 496 loss: 0.007466050097185217
Epoch 497 loss: 0.007521525712076799
Epoch 498 loss: 0.007838147341751847
Epoch 499 loss: 0.00764265274708643
Denoiser initialized
Denoiser initialized
Epoch 500 loss: 0.007610075675993276
Epoch 501 loss: 0.007477157569251226
Epoch 502 loss: 0.007415536413590911
Epoch 503 loss: 0.00790314082119972
Epoch 504 loss: 0.007592739103714095
Epoch 505 loss: 0.007674285284957361
Epoch 506 loss: 0.007740027824155082
Epoch 507 loss: 0.007612882950938825
Epoch 508 loss: 0.00777730708389955
Epoch 509 loss: 0.007557423002193534
Epoch 510 loss: 0.007616132886679838
Epoch 511 loss: 0.007513219924911657
Epoch 512 loss: 0.007818345530691934
Epoch 513 loss: 0.00737998629516798
Epoch 514 loss: 0.007788746830691399
Epoch 515 loss: 0.007949509453096512
Epoch 516 loss: 0.007511805708380393
Epoch 517 loss: 0.007202972593421537
Epoch 518 loss: 0.007727390030949659
Epoch 519 loss: 0.0074270010335863905
Denoiser initialized
Denoiser initialized
Epoch 520 loss: 0.007772598302147176
Epoch 521 loss: 0.007723448489931905
Epoch 522 loss: 0.007597867652255786
Epoch 523 loss: 0.007999775449019449
Epoch 524 loss: 0.007487736992291703
Epoch 525 loss: 0.007457132579048648
Epoch 526 loss: 0.007237673431615837
Epoch 527 loss: 0.00725774330418311
Epoch 528 loss: 0.007501093199313716
Epoch 529 loss: 0.007410998546188523
Epoch 530 loss: 0.0074658550950528375
Epoch 531 loss: 0.007689937759006974
Epoch 532 loss: 0.00755185963864983
Epoch 533 loss: 0.007820540554497282
Epoch 534 loss: 0.007542906590523147
Epoch 535 loss: 0.007570260165492765
Epoch 536 loss: 0.008009285700322687
Epoch 537 loss: 0.007289616848254636
Epoch 538 loss: 0.0074239765142521666
Epoch 539 loss: 0.007800297862450925
Denoiser initialized
Denoiser initialized
Epoch 540 loss: 0.007943228700624977
Epoch 541 loss: 0.007821691205398672
Epoch 542 loss: 0.008023552053763875
Epoch 543 loss: 0.007575716605428498
Epoch 544 loss: 0.007765728161112189
Epoch 545 loss: 0.007618913037641407
Epoch 546 loss: 0.00789120075915142
Epoch 547 loss: 0.007797355592279437
Epoch 548 loss: 0.007650228594292348
Epoch 549 loss: 0.007644803090405162
Epoch 550 loss: 0.0077308366747574865
Epoch 551 loss: 0.007719937162069474
Epoch 552 loss: 0.00745385554761624
Epoch 553 loss: 0.007705066261812295
Epoch 554 loss: 0.007693700955620422
Epoch 555 loss: 0.007650118655189344
Epoch 556 loss: 0.007809750030208179
Epoch 557 loss: 0.007597324877964795
Epoch 558 loss: 0.007267652558709926
Epoch 559 loss: 0.007682568696256118
Denoiser initialized
Denoiser initialized
Epoch 560 loss: 0.007637432610710235
Epoch 561 loss: 0.0076792802614150885
Epoch 562 loss: 0.007630083040851951
Epoch 563 loss: 0.007594717936041696
Epoch 564 loss: 0.007743018640788523
Epoch 565 loss: 0.007856758718181086
Epoch 566 loss: 0.0076336450876247665
Epoch 567 loss: 0.00797610538924115
Epoch 568 loss: 0.007749372984908477
Epoch 569 loss: 0.007460605538102263
Epoch 570 loss: 0.0075529063276329736
Epoch 571 loss: 0.00748257809751554
Epoch 572 loss: 0.00751776680443485
Epoch 573 loss: 0.007566460313567533
Epoch 574 loss: 0.0076372926522824715
Epoch 575 loss: 0.00727627340109175
Epoch 576 loss: 0.00764862407562691
Epoch 577 loss: 0.007764703827375411
Epoch 578 loss: 0.007805580073012313
Epoch 579 loss: 0.007952841335536035
Denoiser initialized
Denoiser initialized
Epoch 580 loss: 0.007600103088661385
Epoch 581 loss: 0.00755185506387165
Epoch 582 loss: 0.007712837750726376
Epoch 583 loss: 0.007983884269814272
Epoch 584 loss: 0.0079401839009263
Epoch 585 loss: 0.00739541637514192
Epoch 586 loss: 0.006964524389696086
Epoch 587 loss: 0.007665501570971027
Epoch 588 loss: 0.007541589920419234
Epoch 589 loss: 0.007367972114843183
Epoch 590 loss: 0.007363929023905159
Epoch 591 loss: 0.0075544600077728005
Epoch 592 loss: 0.007600729978344156
Epoch 593 loss: 0.007617197751158337
Epoch 594 loss: 0.0073358255174679225
Epoch 595 loss: 0.007770063757606798
Epoch 596 loss: 0.007920237388034356
Epoch 597 loss: 0.007581870991706537
Epoch 598 loss: 0.0074941014573444145
Epoch 599 loss: 0.007547200886933657
Denoiser initialized
Denoiser initialized
Epoch 600 loss: 0.0076083945912198145
Epoch 601 loss: 0.00785383487294086
Epoch 602 loss: 0.007550440403099547
Epoch 603 loss: 0.007042923742736002
Epoch 604 loss: 0.007716597455525559
Epoch 605 loss: 0.007519499532233817
Epoch 606 loss: 0.007738136726918036
Epoch 607 loss: 0.007118480372617258
Epoch 608 loss: 0.007357774860625486
Epoch 609 loss: 0.007760875535051489
Epoch 610 loss: 0.007575907970288754
Epoch 611 loss: 0.007360673497773332
Epoch 612 loss: 0.007663037240067017
Epoch 613 loss: 0.007762058935679885
Epoch 614 loss: 0.007348796377780896
Epoch 615 loss: 0.007595352026907015
Epoch 616 loss: 0.007929208162411081
Epoch 617 loss: 0.007155881516539194
Epoch 618 loss: 0.007557244193788287
Epoch 619 loss: 0.007610874190592882
Denoiser initialized
Denoiser initialized
Epoch 620 loss: 0.007264224783313434
Epoch 621 loss: 0.0076707589062592115
Epoch 622 loss: 0.007226991266288606
Epoch 623 loss: 0.007394078225343893
Epoch 624 loss: 0.007413614171098102
Epoch 625 loss: 0.00785323433416256
Epoch 626 loss: 0.00744878105934047
Epoch 627 loss: 0.00790406593206794
Epoch 628 loss: 0.007470184647112361
Epoch 629 loss: 0.0077801681865994655
Epoch 630 loss: 0.007728333703699755
Epoch 631 loss: 0.0075781078398340996
Epoch 632 loss: 0.007525015756719408
Epoch 633 loss: 0.007701389528983467
Epoch 634 loss: 0.007880424293584437
Epoch 635 loss: 0.007821454719065852
Epoch 636 loss: 0.007171443863756136
Epoch 637 loss: 0.007421338769468765
Epoch 638 loss: 0.007575362544855861
Epoch 639 loss: 0.007428972202434116
Denoiser initialized
Denoiser initialized
Epoch 640 loss: 0.0073436755810797815
Epoch 641 loss: 0.00751204249653926
Epoch 642 loss: 0.007509335554334248
Epoch 643 loss: 0.0075774402402472634
Epoch 644 loss: 0.007570721076409022
Epoch 645 loss: 0.007709008640848743
Epoch 646 loss: 0.007661354890089977
Epoch 647 loss: 0.007250996444551023
Epoch 648 loss: 0.007607882251093135
Epoch 649 loss: 0.007298044672752908
Epoch 650 loss: 0.007773164912587081
Epoch 651 loss: 0.007717441482401021
Epoch 652 loss: 0.007401713859794803
Epoch 653 loss: 0.0077660598477906646
Epoch 654 loss: 0.007706457505578234
Epoch 655 loss: 0.007436096988529765
Epoch 656 loss: 0.007684618617346885
Epoch 657 loss: 0.007587144588485969
Epoch 658 loss: 0.007517207899684747
Epoch 659 loss: 0.007796014980521618
Denoiser initialized
Denoiser initialized
Epoch 660 loss: 0.007437350933764066
Epoch 661 loss: 0.007698303342923084
Epoch 662 loss: 0.0070907285941790785
Epoch 663 loss: 0.007648963652969646
Epoch 664 loss: 0.007370941693983925
Epoch 665 loss: 0.00757855788277722
Epoch 666 loss: 0.0075072507953815384
Epoch 667 loss: 0.007720318127404516
Epoch 668 loss: 0.007489673862661027
Epoch 669 loss: 0.007492718954707717
Epoch 670 loss: 0.007638604745704485
Epoch 671 loss: 0.007583010954089182
Epoch 672 loss: 0.007260998950036528
Epoch 673 loss: 0.007733943798348579
Epoch 674 loss: 0.007778751066943087
Epoch 675 loss: 0.007470873927111309
Epoch 676 loss: 0.007813354966771694
Epoch 677 loss: 0.007220205763695894
Epoch 678 loss: 0.007904995572865166
Epoch 679 loss: 0.007341692910753043
Denoiser initialized
Denoiser initialized
Epoch 680 loss: 0.007664030965775465
Epoch 681 loss: 0.007656548388839449
Epoch 682 loss: 0.007444638838962159
Epoch 683 loss: 0.007472182537307428
Epoch 684 loss: 0.007383925111516278
Epoch 685 loss: 0.0078010902675969395
Epoch 686 loss: 0.0076333444400877295
Epoch 687 loss: 0.007282652712469163
Epoch 688 loss: 0.007718767233188479
Epoch 689 loss: 0.008027551487993537
Epoch 690 loss: 0.007610683785632624
Epoch 691 loss: 0.007453921796291976
Epoch 692 loss: 0.007844779149756119
Epoch 693 loss: 0.007657226712847086
Epoch 694 loss: 0.007095212075745287
Epoch 695 loss: 0.007460336924032253
Epoch 696 loss: 0.007506981116953947
Epoch 697 loss: 0.007360609118676178
Epoch 698 loss: 0.007606117235750917
Epoch 699 loss: 0.007247056335966692
Denoiser initialized
Denoiser initialized
Epoch 700 loss: 0.007488823573468359
Epoch 701 loss: 0.0076790100504418425
Epoch 702 loss: 0.007632263671211383
Epoch 703 loss: 0.008011556536436213
Epoch 704 loss: 0.007437495105789743
Epoch 705 loss: 0.007694717690264861
Epoch 706 loss: 0.007789109059344913
Epoch 707 loss: 0.007838870512606112
Epoch 708 loss: 0.007352892433334873
Epoch 709 loss: 0.007481618285831537
Epoch 710 loss: 0.007176297146245764
Epoch 711 loss: 0.007615883201785145
Epoch 712 loss: 0.0075985547546467925
Epoch 713 loss: 0.0074897831714454445
Epoch 714 loss: 0.008008569217490442
Epoch 715 loss: 0.007562164669439111
Epoch 716 loss: 0.007554374188220505
Epoch 717 loss: 0.0076283510190840766
Epoch 718 loss: 0.007491972086874354
Epoch 719 loss: 0.007631998636420364
Denoiser initialized
Denoiser initialized
Epoch 720 loss: 0.007498113026331817
Epoch 721 loss: 0.007792930638162936
Epoch 722 loss: 0.007697046870721301
Epoch 723 loss: 0.007553192413743397
Epoch 724 loss: 0.007614239805916873
Epoch 725 loss: 0.007492817409183952
Epoch 726 loss: 0.007281594349568975
Epoch 727 loss: 0.007572627438655621
Epoch 728 loss: 0.007185932804532959
Epoch 729 loss: 0.007701913121726529
Epoch 730 loss: 0.007519060500774706
Epoch 731 loss: 0.007751797778756375
Epoch 732 loss: 0.007706513935987347
Epoch 733 loss: 0.007597321178518929
Epoch 734 loss: 0.007750941463304093
Epoch 735 loss: 0.007460130498074943
Epoch 736 loss: 0.007286424448273382
Epoch 737 loss: 0.007800145226467447
Epoch 738 loss: 0.007638679911639556
Epoch 739 loss: 0.007494256917906558
Denoiser initialized
Denoiser initialized
Epoch 740 loss: 0.007891760697631938
Epoch 741 loss: 0.00751560782849347
Epoch 742 loss: 0.0073185439174660236
Epoch 743 loss: 0.007620129829375356
Epoch 744 loss: 0.007160058003312105
Epoch 745 loss: 0.007771564527278508
Epoch 746 loss: 0.007473513235879467
Epoch 747 loss: 0.007350826057882292
Epoch 748 loss: 0.007778840361360055
Epoch 749 loss: 0.0077603254441433326
Epoch 750 loss: 0.007757905654091911
Epoch 751 loss: 0.007378563055778647
Epoch 752 loss: 0.007765925161003313
Epoch 753 loss: 0.0077611760249980625
Epoch 754 loss: 0.007460107647473956
Epoch 755 loss: 0.007701865850064269
Epoch 756 loss: 0.007633942059955909
Epoch 757 loss: 0.00786552086857625
Epoch 758 loss: 0.007559893355196378
Epoch 759 loss: 0.007898844913564813
Denoiser initialized
Denoiser initialized
Epoch 760 loss: 0.007682531386310058
Epoch 761 loss: 0.007933270936640653
Epoch 762 loss: 0.007820138526478207
Epoch 763 loss: 0.007404741020211502
Epoch 764 loss: 0.007791799096439294
Epoch 765 loss: 0.00777181372372497
Epoch 766 loss: 0.007658735777249288
Epoch 767 loss: 0.007735341339679376
Epoch 768 loss: 0.007935189172159405
Epoch 769 loss: 0.007681159120606805
Epoch 770 loss: 0.007822573319485724
Epoch 771 loss: 0.00748016802575663
Epoch 772 loss: 0.007732932700465662
Epoch 773 loss: 0.007259261030203624
Epoch 774 loss: 0.007503112245970824
Epoch 775 loss: 0.007783870476543095
Epoch 776 loss: 0.007348779289808647
Epoch 777 loss: 0.007607449291485553
Epoch 778 loss: 0.0075689069318774435
Epoch 779 loss: 0.007727635479546027
Denoiser initialized
Denoiser initialized
Epoch 780 loss: 0.007594399255285283
Epoch 781 loss: 0.007816457945277135
Epoch 782 loss: 0.00759322485552123
Epoch 783 loss: 0.007279705507990561
Epoch 784 loss: 0.0076155688497584
Epoch 785 loss: 0.007540525060903747
Epoch 786 loss: 0.0073236720800033805
Epoch 787 loss: 0.007165467933527609
Epoch 788 loss: 0.007475399578112358
Epoch 789 loss: 0.007468938351137729
Epoch 790 loss: 0.007711187985299845
Epoch 791 loss: 0.007143419141047223
Epoch 792 loss: 0.007589653749470897
Epoch 793 loss: 0.007755093219634298
Epoch 794 loss: 0.007875490408569075
Epoch 795 loss: 0.007723344748982111
Epoch 796 loss: 0.007575657901005004
Epoch 797 loss: 0.007741657325217597
Epoch 798 loss: 0.008148410902315903
Epoch 799 loss: 0.007559111462329046
Denoiser initialized
Denoiser initialized
Epoch 800 loss: 0.007870626523317308
Epoch 801 loss: 0.0073633310095993125
Epoch 802 loss: 0.007664592211707347
Epoch 803 loss: 0.00732623699381756
Epoch 804 loss: 0.007675373227619643
Epoch 805 loss: 0.00729793385334917
Epoch 806 loss: 0.007878740114014132
Epoch 807 loss: 0.007710989353513825
Epoch 808 loss: 0.007320100301545316
Epoch 809 loss: 0.007325481459770637
Epoch 810 loss: 0.007791696905470382
Epoch 811 loss: 0.008067346804769558
Epoch 812 loss: 0.007365572235986996
Epoch 813 loss: 0.007557163170038511
Epoch 814 loss: 0.007278143803464612
Epoch 815 loss: 0.007801430251109734
Epoch 816 loss: 0.007381460908558072
Epoch 817 loss: 0.007281806196323829
Epoch 818 loss: 0.007651707727032823
Epoch 819 loss: 0.007270962048776951
Denoiser initialized
Denoiser initialized
Epoch 820 loss: 0.007705069696583485
Epoch 821 loss: 0.007291649562199604
Epoch 822 loss: 0.00709234144886012
Epoch 823 loss: 0.007254865053230105
Epoch 824 loss: 0.007956024778038279
Epoch 825 loss: 0.00735492156080241
Epoch 826 loss: 0.0074783936520276114
Epoch 827 loss: 0.007813165034341254
Epoch 828 loss: 0.007452407468374421
Epoch 829 loss: 0.007807862352285419
Epoch 830 loss: 0.007324858770208312
Epoch 831 loss: 0.007467744942270991
Epoch 832 loss: 0.007631251939296181
Epoch 833 loss: 0.00783607793923409
Epoch 834 loss: 0.007609935986322549
Epoch 835 loss: 0.007490561428856036
Epoch 836 loss: 0.00790278736197164
Epoch 837 loss: 0.007319021081198625
Epoch 838 loss: 0.0073550926440786426
Epoch 839 loss: 0.007370676723794973
Denoiser initialized
Denoiser initialized
Epoch 840 loss: 0.007783576772194974
Epoch 841 loss: 0.007507198371182111
Epoch 842 loss: 0.007130643679173762
Epoch 843 loss: 0.007612533590751987
Epoch 844 loss: 0.007601403670425977
Epoch 845 loss: 0.007575442557891116
Epoch 846 loss: 0.007106979608783134
Epoch 847 loss: 0.007341326440281139
Epoch 848 loss: 0.007533735330215289
Epoch 849 loss: 0.0074139830758717835
Epoch 850 loss: 0.007882637598722741
Epoch 851 loss: 0.0077332595153920495
Epoch 852 loss: 0.007415090117812834
Epoch 853 loss: 0.00745759766868293
Epoch 854 loss: 0.007820270553293715
Epoch 855 loss: 0.007383569775458898
Epoch 856 loss: 0.00726657668529833
Epoch 857 loss: 0.0074884307760182765
Epoch 858 loss: 0.007463371008308627
Epoch 859 loss: 0.007605869143138974
Denoiser initialized
Denoiser initialized
Epoch 860 loss: 0.007666118214875992
Epoch 861 loss: 0.007227950110230585
Epoch 862 loss: 0.007662646880982145
Epoch 863 loss: 0.007239629966632517
Epoch 864 loss: 0.007680051963789993
Epoch 865 loss: 0.008062649376885837
Epoch 866 loss: 0.007783057070928254
Epoch 867 loss: 0.007468936015906874
Epoch 868 loss: 0.007568009838264826
Epoch 869 loss: 0.007594674456902035
Epoch 870 loss: 0.007261367352062452
Epoch 871 loss: 0.007612367767710075
Epoch 872 loss: 0.00760056959543624
Epoch 873 loss: 0.007601343031679416
Epoch 874 loss: 0.007523902476895822
Epoch 875 loss: 0.007660817432897909
Epoch 876 loss: 0.007375138656541865
Epoch 877 loss: 0.007514325031069401
Epoch 878 loss: 0.007730562712375489
Epoch 879 loss: 0.007515778795711328
Denoiser initialized
Denoiser initialized
Epoch 880 loss: 0.007246460463056657
Epoch 881 loss: 0.007288537013379772
Epoch 882 loss: 0.007777834109355046
Epoch 883 loss: 0.007739166597467465
Epoch 884 loss: 0.007374790440328099
Epoch 885 loss: 0.00782291880941656
Epoch 886 loss: 0.007101964650425748
Epoch 887 loss: 0.007492723856932834
Epoch 888 loss: 0.007200914189975756
Epoch 889 loss: 0.0076695672329084716
Epoch 890 loss: 0.007518206900428213
Epoch 891 loss: 0.007853747619729262
Epoch 892 loss: 0.007586008167601779
Epoch 893 loss: 0.007177965142944284
Epoch 894 loss: 0.0074521495678924
Epoch 895 loss: 0.00766301580785051
Epoch 896 loss: 0.007466203052926842
Epoch 897 loss: 0.007685068011042391
Epoch 898 loss: 0.007467147438241248
Epoch 899 loss: 0.00734322983068845
Denoiser initialized
Denoiser initialized
Epoch 900 loss: 0.007691597054593117
Epoch 901 loss: 0.007626180584407232
Epoch 902 loss: 0.007655510081782913
Epoch 903 loss: 0.007151147234981902
Epoch 904 loss: 0.007398008550822722
Epoch 905 loss: 0.007426966558145017
Epoch 906 loss: 0.007630472233501305
Epoch 907 loss: 0.007375515433106667
Epoch 908 loss: 0.007777239817934611
Epoch 909 loss: 0.007285693380286538
Epoch 910 loss: 0.007448523874674947
Epoch 911 loss: 0.007318189698610662
Epoch 912 loss: 0.007571198837671531
Epoch 913 loss: 0.0074651257988734435
Epoch 914 loss: 0.00774999675045261
Epoch 915 loss: 0.008019040000482003
Epoch 916 loss: 0.0076418091506877
Epoch 917 loss: 0.007766814253725237
Epoch 918 loss: 0.007368387845245437
Epoch 919 loss: 0.007618173029211675
Denoiser initialized
Denoiser initialized
Epoch 920 loss: 0.007537306260636697
Epoch 921 loss: 0.0073008736889196195
Epoch 922 loss: 0.00761096366951018
Epoch 923 loss: 0.00777579518673954
Epoch 924 loss: 0.007443105159578909
Epoch 925 loss: 0.007573611351819422
Epoch 926 loss: 0.007667900584316361
Epoch 927 loss: 0.007450448897627367
Epoch 928 loss: 0.007509524526331069
Epoch 929 loss: 0.007572361066222341
Epoch 930 loss: 0.007404894775271876
Epoch 931 loss: 0.007768061781858774
Epoch 932 loss: 0.007482369732612876
Epoch 933 loss: 0.007525521806923148
Epoch 934 loss: 0.007750410350013339
Epoch 935 loss: 0.007454005414171226
Epoch 936 loss: 0.007676844232212277
Epoch 937 loss: 0.007568145387604694
Epoch 938 loss: 0.007754391611314783
Epoch 939 loss: 0.0075784670515170165
Denoiser initialized
Denoiser initialized
Epoch 940 loss: 0.007327724119262372
Epoch 941 loss: 0.007443371979242013
Epoch 942 loss: 0.00763919457905411
Epoch 943 loss: 0.0075259407249168445
Epoch 944 loss: 0.007386073192785578
Epoch 945 loss: 0.007256453477012188
Epoch 946 loss: 0.007328749759610427
Epoch 947 loss: 0.00767166800762661
Epoch 948 loss: 0.0076075528308375984
Epoch 949 loss: 0.0077166899633414445
Epoch 950 loss: 0.007371805527420366
Epoch 951 loss: 0.007585422586407596
Epoch 952 loss: 0.007586831549394597
Epoch 953 loss: 0.007420619961063075
Epoch 954 loss: 0.00738428858303171
Epoch 955 loss: 0.007852985807439511
Epoch 956 loss: 0.007387709036384715
Epoch 957 loss: 0.007726105914540138
Epoch 958 loss: 0.007716364754558363
Epoch 959 loss: 0.007783922439020276
Denoiser initialized
Denoiser initialized
Epoch 960 loss: 0.0073147652660083134
Epoch 961 loss: 0.007696075850512929
Epoch 962 loss: 0.007707118096086912
Epoch 963 loss: 0.0073576355258226445
Epoch 964 loss: 0.007467596970014094
Epoch 965 loss: 0.007495132472512306
Epoch 966 loss: 0.007512644296163858
Epoch 967 loss: 0.007890908943465946
Epoch 968 loss: 0.0071550337912851016
Epoch 969 loss: 0.0075522535840462784
Epoch 970 loss: 0.007125068330108772
Epoch 971 loss: 0.0076808834512231364
Epoch 972 loss: 0.007383089033815603
Epoch 973 loss: 0.007697734635493063
Epoch 974 loss: 0.007599013007543601
Epoch 975 loss: 0.007100538003732145
Epoch 976 loss: 0.007696518485040312
Epoch 977 loss: 0.00744606570467723
Epoch 978 loss: 0.007640468244278836
Epoch 979 loss: 0.007514289706406955
Denoiser initialized
Denoiser initialized
Epoch 980 loss: 0.007585210886868296
Epoch 981 loss: 0.0074681893787859055
Epoch 982 loss: 0.007496082833279015
Epoch 983 loss: 0.007922156838636228
Epoch 984 loss: 0.007329907933383273
Epoch 985 loss: 0.007573345406962226
Epoch 986 loss: 0.006912221273018981
Epoch 987 loss: 0.007692538506966486
Epoch 988 loss: 0.007884403528216202
Epoch 989 loss: 0.007560554205081407
Epoch 990 loss: 0.007600464420407098
Epoch 991 loss: 0.00770810238201915
Epoch 992 loss: 0.007798588956598695
Epoch 993 loss: 0.007266849473842657
Epoch 994 loss: 0.007152213789651293
Epoch 995 loss: 0.007836063928249173
Epoch 996 loss: 0.007391181540135728
Epoch 997 loss: 0.007254694218479384
Epoch 998 loss: 0.007635328118143611
Epoch 999 loss: 0.007761717729813422
Denoiser initialized
Denoiser initialized
Epoch 1000 loss: 0.007494776858665137
Epoch 1001 loss: 0.007682745459732385
Epoch 1002 loss: 0.007524299761206865
Epoch 1003 loss: 0.007618352185418874
Epoch 1004 loss: 0.00742397052119587
Epoch 1005 loss: 0.0073934066280419986
Epoch 1006 loss: 0.007260157867104375
Epoch 1007 loss: 0.007502161385319146
Epoch 1008 loss: 0.007460421996461242
Epoch 1009 loss: 0.007188769448780463
Epoch 1010 loss: 0.007463701513192031
Epoch 1011 loss: 0.0074890672861250805
Epoch 1012 loss: 0.007730967623433278
Epoch 1013 loss: 0.007560576332370002
Epoch 1014 loss: 0.007653246791727998
Epoch 1015 loss: 0.007657620735661453
Epoch 1016 loss: 0.007251736666240586
Epoch 1017 loss: 0.007460397700982347
Epoch 1018 loss: 0.00756053476835757
Epoch 1019 loss: 0.00739231245040504
Denoiser initialized
Denoiser initialized
Epoch 1020 loss: 0.007335463259986402
Epoch 1021 loss: 0.007493203751460686
Epoch 1022 loss: 0.007441703031998942
Epoch 1023 loss: 0.007750997468985491
Epoch 1024 loss: 0.007814715365759447
Epoch 1025 loss: 0.007502751719390223
Epoch 1026 loss: 0.00759512033983622
Epoch 1027 loss: 0.007408940411482652
Epoch 1028 loss: 0.007404859074498667
Epoch 1029 loss: 0.007531820435147087
Epoch 1030 loss: 0.007582283652698479
Epoch 1031 loss: 0.007596594042731977
Epoch 1032 loss: 0.007482344240428244
Epoch 1033 loss: 0.0075287916261292725
Epoch 1034 loss: 0.007555104137754212
Epoch 1035 loss: 0.007342573770779404
Epoch 1036 loss: 0.007643205129710311
Epoch 1037 loss: 0.007216016201666596
Epoch 1038 loss: 0.007168935816630901
Epoch 1039 loss: 0.007206539141870431
Denoiser initialized
Denoiser initialized
Epoch 1040 loss: 0.007692546067162377
Epoch 1041 loss: 0.007464620165421989
Epoch 1042 loss: 0.007632907810945749
Epoch 1043 loss: 0.007918001983187954
Epoch 1044 loss: 0.007383889214687021
Epoch 1045 loss: 0.00774069855432003
Epoch 1046 loss: 0.007310333902595214
Epoch 1047 loss: 0.006896621076495876
Epoch 1048 loss: 0.007464704103169354
Epoch 1049 loss: 0.00751120838634694
Epoch 1050 loss: 0.007511650694804698
Epoch 1051 loss: 0.007270696671076685
Epoch 1052 loss: 0.008028832154971787
Epoch 1053 loss: 0.007569120577847176
Epoch 1054 loss: 0.007263941225756024
Epoch 1055 loss: 0.007686697101875022
Epoch 1056 loss: 0.007569850032763591
Epoch 1057 loss: 0.007197507018055906
Epoch 1058 loss: 0.007532807262441881
Epoch 1059 loss: 0.007191187318808347
Denoiser initialized
Denoiser initialized
Epoch 1060 loss: 0.00718619147832885
Epoch 1061 loss: 0.007610862440862378
Epoch 1062 loss: 0.006985595728472092
Epoch 1063 loss: 0.007476422432716901
Epoch 1064 loss: 0.0073076511029910585
Epoch 1065 loss: 0.007823109987806064
Epoch 1066 loss: 0.007613960103527227
Epoch 1067 loss: 0.0075254734806833035
Epoch 1068 loss: 0.007587524402325003
Epoch 1069 loss: 0.007684794863362131
Epoch 1070 loss: 0.007533950734677253
Epoch 1071 loss: 0.007401067545100755
Epoch 1072 loss: 0.007120415949165921
Epoch 1073 loss: 0.007419932386989549
Epoch 1074 loss: 0.007110230807125435
Epoch 1075 loss: 0.00760899322793552
Epoch 1076 loss: 0.007702336265119036
Epoch 1077 loss: 0.0073631400508478205
Epoch 1078 loss: 0.007400457514013685
Epoch 1079 loss: 0.007105370046563052
Denoiser initialized
Denoiser initialized
Epoch 1080 loss: 0.007579905743663911
Epoch 1081 loss: 0.007628496830312156
Epoch 1082 loss: 0.0073948949436539214
Epoch 1083 loss: 0.0075175209025982416
Epoch 1084 loss: 0.007361220875856196
Epoch 1085 loss: 0.007417970542085004
Epoch 1086 loss: 0.0072634826431434985
Epoch 1087 loss: 0.007501326748380666
Epoch 1088 loss: 0.007415094445421182
Epoch 1089 loss: 0.007924397720758983
Epoch 1090 loss: 0.0075784188189695475
Epoch 1091 loss: 0.00779661831181101
Epoch 1092 loss: 0.007591650365154712
Epoch 1093 loss: 0.0074107759665795366
Epoch 1094 loss: 0.0076685619049410665
Epoch 1095 loss: 0.007409084256162347
Epoch 1096 loss: 0.007359268965116201
Epoch 1097 loss: 0.007396248813349466
Epoch 1098 loss: 0.007468668400180815
Epoch 1099 loss: 0.007259625158083985
Denoiser initialized
Denoiser initialized
Epoch 1100 loss: 0.007341084171552268
Epoch 1101 loss: 0.007431554256507927
Epoch 1102 loss: 0.007507658654247765
slurmstepd: error: *** JOB 16419602 ON idun-04-01 CANCELLED AT 2023-02-16T13:37:52 DUE TO TIME LIMIT ***
