Deleting log folder with same name celeb64_big
Creating log folder celeb64_big with path logs/training/celeb64_big
we are running from this directory: /cluster/work/williad/diffusion-project
 the name of the job is: celeb64
Th job ID is 16388075
The job was run on these nodes: idun-04-06
Number of nodes: 1
We are using 1 cores
We are using 1 cores per node
Total of 1 cores
Starting script

Files already downloaded and verified
Denoiser initialized
Denoiser initialized
Epoch 0 loss: 0.0765903350273323
Denoiser initialized
Epoch 1 loss: 0.03210940120123772
Denoiser initialized
Epoch 2 loss: 0.02733630580247714
Denoiser initialized
Epoch 3 loss: 0.02555426290484274
Denoiser initialized
Epoch 4 loss: 0.02406042715924083
Denoiser initialized
Epoch 5 loss: 0.023219399207634793
Denoiser initialized
Epoch 6 loss: 0.022499989020439017
Denoiser initialized
Epoch 7 loss: 0.022015532929708
Denoiser initialized
Epoch 8 loss: 0.021572416012011375
Denoiser initialized
Epoch 9 loss: 0.021260456838088592
Denoiser initialized
Epoch 10 loss: 0.020979227035441115
Epoch 11 loss: 0.02059022489416782
Epoch 12 loss: 0.02062743656489553
Epoch 13 loss: 0.020587127620600304
Epoch 14 loss: 0.02034934020656858
Epoch 15 loss: 0.020094419115679867
Epoch 16 loss: 0.020165141267004957
Epoch 17 loss: 0.019957417785482913
Epoch 18 loss: 0.01986841906854918
Epoch 19 loss: 0.02002518281996625
Denoiser initialized
Epoch 20 loss: 0.01966798694294719
Epoch 21 loss: 0.019766491085126903
Epoch 22 loss: 0.019618972482118732
Epoch 23 loss: 0.019456949506728154
Epoch 24 loss: 0.019603016691094956
Epoch 25 loss: 0.019383091549096197
Epoch 26 loss: 0.019272552794372698
Epoch 27 loss: 0.019325327700730296
Epoch 28 loss: 0.019317316006336058
Epoch 29 loss: 0.01905351340896655
Epoch 30 loss: 0.01907659448981988
Epoch 31 loss: 0.019273351995075273
Epoch 32 loss: 0.019038790171386075
Epoch 33 loss: 0.01909727687909379
Epoch 34 loss: 0.019190967239662068
Epoch 35 loss: 0.019057629924302676
Epoch 36 loss: 0.019111775640843424
Epoch 37 loss: 0.018967330561212775
Epoch 38 loss: 0.01885604630766214
Epoch 39 loss: 0.018751727939882088
Denoiser initialized
Epoch 40 loss: 0.01877429905573035
Epoch 41 loss: 0.018969987048298918
Epoch 42 loss: 0.018739680889935332
Epoch 43 loss: 0.01870831190579155
Epoch 44 loss: 0.01870798649568017
Epoch 45 loss: 0.018687174126136838
Epoch 46 loss: 0.01864463366339651
Epoch 47 loss: 0.018806622318964475
Epoch 48 loss: 0.018627746033616974
Epoch 49 loss: 0.018384059462052002
Epoch 50 loss: 0.018813948412777257
Epoch 51 loss: 0.018545973192279536
Epoch 52 loss: 0.018680946528032986
Epoch 53 loss: 0.018543291365458344
Epoch 54 loss: 0.01849130569421247
Epoch 55 loss: 0.018592266584805114
Epoch 56 loss: 0.0183098456908732
Epoch 57 loss: 0.018502691929790913
Epoch 58 loss: 0.018275604875459563
Epoch 59 loss: 0.018360459412676545
Denoiser initialized
Epoch 60 loss: 0.018559733615842584
Epoch 61 loss: 0.018412339386131918
Epoch 62 loss: 0.01831821921214157
Epoch 63 loss: 0.018438781521564244
Epoch 64 loss: 0.01829433722608963
Epoch 65 loss: 0.018377757999524708
Epoch 66 loss: 0.018276526357644714
Epoch 67 loss: 0.018338460355862365
Epoch 68 loss: 0.018386996763395204
Epoch 69 loss: 0.018225641948985134
Epoch 70 loss: 0.018312663534720598
Epoch 71 loss: 0.01818872630997391
Epoch 72 loss: 0.018337269927559526
Epoch 73 loss: 0.018325596714667602
Epoch 74 loss: 0.0183871566763136
Epoch 75 loss: 0.01826968592073206
Epoch 76 loss: 0.018287336535798678
Epoch 77 loss: 0.017990450087770726
Epoch 78 loss: 0.01832372989613891
Epoch 79 loss: 0.01818647195801795
Denoiser initialized
Epoch 80 loss: 0.018115976166401832
Epoch 81 loss: 0.018315317246143315
Epoch 82 loss: 0.01830328983231301
Epoch 83 loss: 0.018229612453881675
Epoch 84 loss: 0.018298921403006516
Epoch 85 loss: 0.018245140218714827
Epoch 86 loss: 0.018176560564722232
Epoch 87 loss: 0.018339901319822098
Epoch 88 loss: 0.018258311944272743
Epoch 89 loss: 0.01789755200888118
Epoch 90 loss: 0.018157091704870825
Epoch 91 loss: 0.01797566038436321
Epoch 92 loss: 0.017980651989280474
Epoch 93 loss: 0.018112716544712394
Epoch 94 loss: 0.018193224691727298
Epoch 95 loss: 0.01802704895263737
Epoch 96 loss: 0.0180449073573387
Epoch 97 loss: 0.01780526148544847
Epoch 98 loss: 0.017949731013028877
Epoch 99 loss: 0.01797653940534102
Denoiser initialized
Epoch 100 loss: 0.018047933646846773
Epoch 101 loss: 0.017815609267069342
Epoch 102 loss: 0.017866554685411446
Epoch 103 loss: 0.018020886173706105
Epoch 104 loss: 0.017891513130264415
Epoch 105 loss: 0.01812668300216209
Epoch 106 loss: 0.017879782068109692
Epoch 107 loss: 0.018043869993584993
Epoch 108 loss: 0.017756976302180136
Epoch 109 loss: 0.01793103112909451
Epoch 110 loss: 0.017894489525190595
Epoch 111 loss: 0.01786782500061716
Epoch 112 loss: 0.017800016476591147
Epoch 113 loss: 0.018127389382512408
Epoch 114 loss: 0.017787692437253002
Epoch 115 loss: 0.017799483962157893
Epoch 116 loss: 0.018066221697302827
Epoch 117 loss: 0.017717837680383063
Epoch 118 loss: 0.017896504760807695
Epoch 119 loss: 0.01784626271944704
Denoiser initialized
Epoch 120 loss: 0.01796676030561164
Epoch 121 loss: 0.01798754594209692
Epoch 122 loss: 0.017757737527326123
Epoch 123 loss: 0.017925556538972136
Epoch 124 loss: 0.01779940341446994
Epoch 125 loss: 0.01799233455090848
Epoch 126 loss: 0.017873577235424716
Epoch 127 loss: 0.01806955416350034
Epoch 128 loss: 0.01781047334229726
Epoch 129 loss: 0.0179312165677196
Epoch 130 loss: 0.017825405065075687
Epoch 131 loss: 0.017930879267869786
Epoch 132 loss: 0.017915186601831525
Epoch 133 loss: 0.017858022548633178
Epoch 134 loss: 0.017991479812775674
Epoch 135 loss: 0.01768924224442281
Epoch 136 loss: 0.017858129196050548
Epoch 137 loss: 0.017750140518951667
Epoch 138 loss: 0.017882359359097086
Epoch 139 loss: 0.017655396246814035
Denoiser initialized
Epoch 140 loss: 0.017682189963107824
Epoch 141 loss: 0.01760734903916084
Epoch 142 loss: 0.017832348637909588
Epoch 143 loss: 0.017786028313175217
Epoch 144 loss: 0.017719594925735733
Epoch 145 loss: 0.017689425980748387
Epoch 146 loss: 0.017842534724505817
Epoch 147 loss: 0.017947494032581883
Epoch 148 loss: 0.017496239710979914
Epoch 149 loss: 0.017585312901504058
Epoch 150 loss: 0.01766008057165891
Epoch 151 loss: 0.017721166148922354
Epoch 152 loss: 0.01775971682575303
Epoch 153 loss: 0.017680836985701893
Epoch 154 loss: 0.01760680964011582
Epoch 155 loss: 0.017721812242243742
Epoch 156 loss: 0.017617768707609026
Epoch 157 loss: 0.01760011344178691
Epoch 158 loss: 0.01782612708168772
Epoch 159 loss: 0.01767141320786597
Denoiser initialized
Epoch 160 loss: 0.01790282806109215
Epoch 161 loss: 0.01782153841509314
Epoch 162 loss: 0.017568032629202184
Epoch 163 loss: 0.017586620337821823
Epoch 164 loss: 0.017566069597436947
Epoch 165 loss: 0.017578578508699184
Epoch 166 loss: 0.01763036304209147
Epoch 167 loss: 0.017664367163190677
Epoch 168 loss: 0.01754589866679865
Epoch 169 loss: 0.01777380287322163
Epoch 170 loss: 0.017657204595564295
Epoch 171 loss: 0.017695531481144798
Epoch 172 loss: 0.017654992998782662
Epoch 173 loss: 0.017659398413749423
Epoch 174 loss: 0.017669003700644198
Epoch 175 loss: 0.01767230606798973
Epoch 176 loss: 0.01767174332071705
Epoch 177 loss: 0.01763020945879859
Epoch 178 loss: 0.017705475535161747
Epoch 179 loss: 0.017667532350088958
Denoiser initialized
Epoch 180 loss: 0.01751792282612889
Epoch 181 loss: 0.01757278683179486
Epoch 182 loss: 0.017529114804438566
Epoch 183 loss: 0.017541137475625804
Epoch 184 loss: 0.01756974890441546
Epoch 185 loss: 0.01749257877346058
Epoch 186 loss: 0.01755712493857275
Epoch 187 loss: 0.017460549252441608
Epoch 188 loss: 0.01743602947443255
Epoch 189 loss: 0.017612012548360433
Epoch 190 loss: 0.017563859948964568
Epoch 191 loss: 0.01755207365982047
Epoch 192 loss: 0.017669146157121694
Epoch 193 loss: 0.017305237599853543
Epoch 194 loss: 0.01746500530953771
Epoch 195 loss: 0.01743748784284898
Epoch 196 loss: 0.017545207853885896
Epoch 197 loss: 0.017607824883494032
Epoch 198 loss: 0.017396508290654974
Epoch 199 loss: 0.01748862896962443
Denoiser initialized
Epoch 200 loss: 0.017486441896572336
Epoch 201 loss: 0.017355398646901426
Epoch 202 loss: 0.017537019466659136
Epoch 203 loss: 0.017438260247526725
Epoch 204 loss: 0.017607729533488083
Epoch 205 loss: 0.017520628124182612
Epoch 206 loss: 0.017429218153065106
Epoch 207 loss: 0.01748350376055324
Epoch 208 loss: 0.017510450485385017
Epoch 209 loss: 0.017459862951903878
Epoch 210 loss: 0.017557058242477663
Epoch 211 loss: 0.01743814203765173
Epoch 212 loss: 0.017521661094905303
Epoch 213 loss: 0.0175407787209447
Epoch 214 loss: 0.017510364975768532
Epoch 215 loss: 0.0175275373537644
Epoch 216 loss: 0.01757578739498115
Epoch 217 loss: 0.017321532899689563
Epoch 218 loss: 0.017263939090910712
Epoch 219 loss: 0.017488621642414784
Denoiser initialized
Epoch 220 loss: 0.017496307530592684
Epoch 221 loss: 0.017445533151984355
Epoch 222 loss: 0.017244552132532984
Epoch 223 loss: 0.01740771333054411
Epoch 224 loss: 0.017384119903662905
Epoch 225 loss: 0.017347583535519785
Epoch 226 loss: 0.017517905135393003
Epoch 227 loss: 0.01743437959329348
Epoch 228 loss: 0.01752209961604702
Epoch 229 loss: 0.017405937054581096
Epoch 230 loss: 0.01723610170393503
Epoch 231 loss: 0.017509864977818663
Epoch 232 loss: 0.0172565164741527
Epoch 233 loss: 0.017329449703881762
Epoch 234 loss: 0.01745490472743276
Epoch 235 loss: 0.017424779898727184
Epoch 236 loss: 0.017560277604234387
Epoch 237 loss: 0.01747296026573991
Epoch 238 loss: 0.01729027529059669
Epoch 239 loss: 0.01727720896886228
Denoiser initialized
Epoch 240 loss: 0.0174470873470506
Epoch 241 loss: 0.017303204193195833
Epoch 242 loss: 0.017386876053247107
Epoch 243 loss: 0.017617947659557744
Epoch 244 loss: 0.01730091946269825
Epoch 245 loss: 0.017471956826436024
Epoch 246 loss: 0.017509240662216343
Epoch 247 loss: 0.017288928535187018
Epoch 248 loss: 0.01735811688865494
Epoch 249 loss: 0.017280589639056917
Epoch 250 loss: 0.017419429073467524
Epoch 251 loss: 0.017420463347456085
Epoch 252 loss: 0.01755971193047088
Epoch 253 loss: 0.017453197153349576
Epoch 254 loss: 0.017362349566347524
Epoch 255 loss: 0.017291196761433175
Epoch 256 loss: 0.01733637741055199
Epoch 257 loss: 0.01716954567698094
Epoch 258 loss: 0.017382287539676442
Epoch 259 loss: 0.017447986341309996
Denoiser initialized
Epoch 260 loss: 0.01733049073069116
Epoch 261 loss: 0.01735280050073147
Epoch 262 loss: 0.0173892115540041
Epoch 263 loss: 0.01727907092576999
Epoch 264 loss: 0.017579262275922363
Epoch 265 loss: 0.017382531700679247
Epoch 266 loss: 0.017328521397122938
Epoch 267 loss: 0.01737481885247003
Epoch 268 loss: 0.01741652432741281
Epoch 269 loss: 0.017373242859183898
Epoch 270 loss: 0.017577067370462062
Epoch 271 loss: 0.017334193749786734
Epoch 272 loss: 0.017355222479768284
Epoch 273 loss: 0.017419052838183846
Epoch 274 loss: 0.0174691575757263
Epoch 275 loss: 0.017282105052445387
Epoch 276 loss: 0.017487923598572985
Epoch 277 loss: 0.017395832960980025
Epoch 278 loss: 0.01730107208611385
Epoch 279 loss: 0.017319691065060407
Denoiser initialized
Epoch 280 loss: 0.01740748924203217
Epoch 281 loss: 0.017315722410362097
Epoch 282 loss: 0.01728066713724918
Epoch 283 loss: 0.01750377229848326
Epoch 284 loss: 0.01738281639215226
Epoch 285 loss: 0.017302617186141556
Epoch 286 loss: 0.017287296949191688
Epoch 287 loss: 0.017401594051772013
Epoch 288 loss: 0.01733913713679561
Epoch 289 loss: 0.017417436981069966
Epoch 290 loss: 0.017304360522425868
Epoch 291 loss: 0.017491296515067888
Epoch 292 loss: 0.017324788169349608
Epoch 293 loss: 0.01726256819213477
Epoch 294 loss: 0.017514689901621087
Epoch 295 loss: 0.017365133079389732
Epoch 296 loss: 0.01737865184744199
Epoch 297 loss: 0.017097322235862085
Epoch 298 loss: 0.01729664795903149
Epoch 299 loss: 0.017370521790881013
Denoiser initialized
Epoch 300 loss: 0.017211218544651033
Epoch 301 loss: 0.017170709184423653
Epoch 302 loss: 0.017251759550809487
Epoch 303 loss: 0.01728918968770161
Epoch 304 loss: 0.017171644193849544
Epoch 305 loss: 0.01730609653845617
Epoch 306 loss: 0.017362462623197142
Epoch 307 loss: 0.017376009256245113
Epoch 308 loss: 0.017438958039501413
Epoch 309 loss: 0.0173351158294241
Epoch 310 loss: 0.01724336891209578
Epoch 311 loss: 0.017193025614298973
Epoch 312 loss: 0.017359263801789086
Epoch 313 loss: 0.01721568010108979
Epoch 314 loss: 0.01724933181104467
Epoch 315 loss: 0.01728033089685201
Epoch 316 loss: 0.01725575393695478
Epoch 317 loss: 0.017243362964663958
Epoch 318 loss: 0.017321055477526062
Epoch 319 loss: 0.01725764480952478
Denoiser initialized
Epoch 320 loss: 0.0173289177876329
Epoch 321 loss: 0.017322067253338465
Epoch 322 loss: 0.017241807435946714
Epoch 323 loss: 0.017190613925205135
Epoch 324 loss: 0.01714788192338398
Epoch 325 loss: 0.01726609819829347
Epoch 326 loss: 0.017293419955450598
Epoch 327 loss: 0.017298489796589333
Epoch 328 loss: 0.017014025468906423
Epoch 329 loss: 0.017182984451599326
Epoch 330 loss: 0.0172062881130567
Epoch 331 loss: 0.017254048376344144
Epoch 332 loss: 0.017294949028236827
Epoch 333 loss: 0.017059687705880393
Epoch 334 loss: 0.01713628900594681
Epoch 335 loss: 0.017138545563204342
Epoch 336 loss: 0.017309910697575495
slurmstepd: error: *** JOB 16388075 ON idun-04-06 CANCELLED AT 2023-02-03T11:37:24 ***
